0 info it worked if it ends with ok
1 verbose cli [ '/usr/local/Cellar/node/5.0.0/bin/node',
1 verbose cli   '/usr/local/bin/npm',
1 verbose cli   'run',
1 verbose cli   'serve' ]
2 info using npm@3.3.9
3 info using node@v5.0.0
4 verbose run-script [ 'preserve', 'serve', 'postserve' ]
5 info lifecycle indigo@1.0.0~preserve: indigo@1.0.0
6 silly lifecycle indigo@1.0.0~preserve: no script for preserve, continuing
7 info lifecycle indigo@1.0.0~serve: indigo@1.0.0
8 verbose lifecycle indigo@1.0.0~serve: unsafe-perm in lifecycle true
9 verbose lifecycle indigo@1.0.0~serve: PATH: /usr/local/lib/node_modules/npm/bin/node-gyp-bin:/Users/kamilwysocki/Desktop/indigo-gh-pages/node_modules/.bin:/Users/kamilwysocki/.rvm/gems/ruby-2.2.1/bin:/Users/kamilwysocki/.rvm/gems/ruby-2.2.1@global/bin:/Users/kamilwysocki/.rvm/rubies/ruby-2.2.1/bin:/Users/kamilwysocki/.rbenv/shims:/Users/kamilwysocki/.rbenv/bin:/usr/local/bin:/usr/bin:/bin:/usr/sbin:/sbin:/Users/kamilwysocki/.rvm/bin
10 verbose lifecycle indigo@1.0.0~serve: CWD: /Users/kamilwysocki/Desktop/indigo-gh-pages
11 silly lifecycle indigo@1.0.0~serve: Args: [ '-c', 'bundle exec jekyll serve' ]
12 silly lifecycle indigo@1.0.0~serve: Returned: code: 1  signal: null
13 info lifecycle indigo@1.0.0~serve: Failed to exec serve script
14 verbose stack Error: indigo@1.0.0 serve: `bundle exec jekyll serve`
14 verbose stack Exit status 1
14 verbose stack     at EventEmitter.<anonymous> (/usr/local/lib/node_modules/npm/lib/utils/lifecycle.js:233:16)
14 verbose stack     at emitTwo (events.js:87:13)
14 verbose stack     at EventEmitter.emit (events.js:172:7)
14 verbose stack     at ChildProcess.<anonymous> (/usr/local/lib/node_modules/npm/lib/utils/spawn.js:24:14)
14 verbose stack     at emitTwo (events.js:87:13)
14 verbose stack     at ChildProcess.emit (events.js:172:7)
14 verbose stack     at maybeClose (internal/child_process.js:818:16)
14 verbose stack     at Process.ChildProcess._handle.onexit (internal/child_process.js:211:5)
15 verbose pkgid indigo@1.0.0
16 verbose cwd /Users/kamilwysocki/Desktop/indigo-gh-pages
17 error Darwin 15.6.0
18 error argv "/usr/local/Cellar/node/5.0.0/bin/node" "/usr/local/bin/npm" "run" "serve"
19 error node v5.0.0
20 error npm  v3.3.9
21 error code ELIFECYCLE
22 error indigo@1.0.0 serve: `bundle exec jekyll serve`
22 error Exit status 1
23 error Failed at the indigo@1.0.0 serve script 'bundle exec jekyll serve'.
23 error This is most likely a problem with the indigo package,
23 error not with npm itself.
23 error Tell the author that this fails on your system:
23 error     bundle exec jekyll serve
23 error You can get their info via:
23 error     npm owner ls indigo
23 error There is likely additional logging output above.
24 verbose exit [ 1, true ]
